<?xml version="1.0" encoding="UTF-8"?>
<testsuite xmlns:xsi="http://www.w3.org/2001/XMLSchema-instance" xsi:noNamespaceSchemaLocation="https://maven.apache.org/surefire/maven-surefire-plugin/xsd/surefire-test-report.xsd" name="TestSuite" time="62.442" tests="7" errors="0" skipped="2" failures="1">
  <properties>
[...]
</properties>
  <testcase name="TC_loginWithWrongPassword" classname="LoginTestTesting" time="5.128"/>
  <testcase name="TC_loginWithPasswordNull" classname="LoginTestTesting" time="5.129"/>
  <testcase name="TC_loginWithBothWrong" classname="LoginTestTesting" time="9.536"/>
  <testcase name="TC_loginWithEmailNull" classname="LoginTestTesting" time="10.305"/>
  <testcase name="TC_successfulLogin" classname="LoginTestTesting" time="0">
    <skipped message="Login was successful: https://srai.oyetest.com/login expected [true] but found [false]"/>
  </testcase>
  <testcase name="TC_successfulLogin" classname="LoginTestTesting" time="0">
    <skipped message="Login was successful: https://srai.oyetest.com/login expected [true] but found [false]"/>
  </testcase>
  <testcase name="TC_successfulLogin" classname="LoginTestTesting" time="13.498">
    <failure message="Login was successful: https://srai.oyetest.com/login expected [true] but found [false]" type="java.lang.AssertionError">java.lang.AssertionError: Login was successful: https://srai.oyetest.com/login expected [true] but found [false]
	at LoginTestTesting.TC_successfulLogin(LoginTestTesting.java:133)
</failure>
  </testcase>
</testsuite>